<?xml version="1.0" encoding="UTF-8"?>
<!-- Generated by org.testng.reporters.JUnitReportReporter -->
<testsuite hostname="DESKTOP-TFUE92S" name="Academy.samsvojmajstor.Naslovna" tests="2" failures="0" timestamp="29 Mar 2020 20:14:24 GMT" time="36.540" errors="0">
  <testcase name="LoginNegativni" time="2.717" classname="Academy.samsvojmajstor.Naslovna"/>
  <testcase name="LoginNegativni" time="33.823" classname="Academy.samsvojmajstor.Naslovna"/>
</testsuite> <!-- Academy.samsvojmajstor.Naslovna -->
