<?xml version="1.0" encoding="UTF-8"?>
<!-- Generated by org.testng.reporters.JUnitReportReporter -->
<testsuite hostname="DESKTOP-TFUE92S" name="Academy.samsvojmajstor.Naslovna" tests="2" failures="0" timestamp="13 Mar 2020 15:08:41 GMT" time="17.810" errors="0">
  <testcase name="LoginNegativni" time="4.973" classname="Academy.samsvojmajstor.Naslovna"/>
  <testcase name="LoginNegativni" time="12.837" classname="Academy.samsvojmajstor.Naslovna"/>
</testsuite> <!-- Academy.samsvojmajstor.Naslovna -->
